<?xml version="1.0" encoding="UTF-8" ?>
<testsuite tests="1" failures="0" name="examples.HiNow.AppTest" time="0.022" errors="0" skipped="0">
  <properties>
    <property name="java.runtime.name" value="Java(TM) SE Runtime Environment"/>
    <property name="sun.boot.library.path" value="C:\Program Files (x86)\Java\jre1.8.0_40\bin"/>
    <property name="java.vm.version" value="25.40-b25"/>
    <property name="java.vm.vendor" value="Oracle Corporation"/>
    <property name="java.vendor.url" value="http://java.oracle.com/"/>
    <property name="path.separator" value=";"/>
    <property name="guice.disable.misplaced.annotation.check" value="true"/>
    <property name="java.vm.name" value="Java HotSpot(TM) Client VM"/>
    <property name="file.encoding.pkg" value="sun.io"/>
    <property name="user.script" value=""/>
    <property name="user.country" value="ES"/>
    <property name="sun.java.launcher" value="SUN_STANDARD"/>
    <property name="sun.os.patch.level" value="Service Pack 1"/>
    <property name="java.vm.specification.name" value="Java Virtual Machine Specification"/>
    <property name="user.dir" value="C:\portatil17-E\julio\prof\Procesos\2017\ejer+prac\ws\HiNow"/>
    <property name="java.runtime.version" value="1.8.0_40-b26"/>
    <property name="java.awt.graphicsenv" value="sun.awt.Win32GraphicsEnvironment"/>
    <property name="java.endorsed.dirs" value="C:\Program Files (x86)\Java\jre1.8.0_40\lib\endorsed"/>
    <property name="os.arch" value="x86"/>
    <property name="java.io.tmpdir" value="C:\Users\Julio\AppData\Local\Temp\"/>
    <property name="line.separator" value="
"/>
    <property name="java.vm.specification.vendor" value="Oracle Corporation"/>
    <property name="user.variant" value=""/>
    <property name="os.name" value="Windows 7"/>
    <property name="classworlds.conf" value="C:\portatil17-E\julio\prof\Procesos\2017\ejer+prac\ws\.metadata\.plugins\org.eclipse.m2e.launching\launches\m2conf3227042391850630363.tmp"/>
    <property name="sun.jnu.encoding" value="Cp1252"/>
    <property name="java.library.path" value="C:\Program Files (x86)\Java\jre1.8.0_40\bin;C:\Windows\Sun\Java\bin;C:\Windows\system32;C:\Windows;C:/Program Files (x86)/Java/jre1.8.0_40/bin/client;C:/Program Files (x86)/Java/jre1.8.0_40/bin;C:/Program Files (x86)/Java/jre1.8.0_40/lib/i386;C:\texlive\2014\bin\win32;C:\ProgramData\Oracle\Java\javapath;C:\Program Files (x86)\MiKTeX 2.9\miktex\bin;C:\Program Files\Common Files\Microsoft Shared\Windows Live;C:\Program Files (x86)\Common Files\Microsoft Shared\Windows Live;C:\Windows\system32;C:\Windows;C:\Windows\System32\Wbem;C:\Windows\System32\WindowsPowerShell\v1.0\;c:\Program Files\Intel\DMIX;C:\Program Files (x86)\Intel\Services\IPT\;C:\Program Files (x86)\Windows Live\Shared;C:\Program Files\TortoiseSVN\bin;C:\Program Files\Microsoft SQL Server\120\Tools\Binn\;C:\Program Files\Microsoft SQL Server\Client SDK\ODBC\110\Tools\Binn\;C:\Program Files (x86)\Microsoft SQL Server\120\Tools\Binn\;C:\Program Files\Microsoft SQL Server\120\DTS\Binn\;C:\Program Files (x86)\Microsoft SQL Server\120\Tools\Binn\ManagementStudio\;C:\Program Files (x86)\Microsoft SQL Server\120\DTS\Binn\;C:\Program Files (x86)\Skype\Phone\;;c:\Program Files\Saxonica\SaxonHE9.4N\bin;C:\portatil17-E\ps\eclipse;;."/>
    <property name="java.specification.name" value="Java Platform API Specification"/>
    <property name="java.class.version" value="52.0"/>
    <property name="sun.management.compiler" value="HotSpot Client Compiler"/>
    <property name="os.version" value="6.1"/>
    <property name="user.home" value="C:\Users\Julio"/>
    <property name="user.timezone" value="Europe/Paris"/>
    <property name="java.awt.printerjob" value="sun.awt.windows.WPrinterJob"/>
    <property name="java.specification.version" value="1.8"/>
    <property name="file.encoding" value="Cp1252"/>
    <property name="user.name" value="Julio"/>
    <property name="java.class.path" value="/C:/portatil17-E/ps/eclipse/configuration/org.eclipse.osgi/bundles/535/1/.cp/jars/plexus-classworlds-2.4.jar"/>
    <property name="java.vm.specification.version" value="1.8"/>
    <property name="sun.arch.data.model" value="32"/>
    <property name="java.home" value="C:\Program Files (x86)\Java\jre1.8.0_40"/>
    <property name="sun.java.command" value="org.codehaus.plexus.classworlds.launcher.Launcher -B install"/>
    <property name="java.specification.vendor" value="Oracle Corporation"/>
    <property name="user.language" value="es"/>
    <property name="awt.toolkit" value="sun.awt.windows.WToolkit"/>
    <property name="java.vm.info" value="mixed mode"/>
    <property name="java.version" value="1.8.0_40"/>
    <property name="java.ext.dirs" value="C:\Program Files (x86)\Java\jre1.8.0_40\lib\ext;C:\Windows\Sun\Java\lib\ext"/>
    <property name="sun.boot.class.path" value="C:\Program Files (x86)\Java\jre1.8.0_40\lib\resources.jar;C:\Program Files (x86)\Java\jre1.8.0_40\lib\rt.jar;C:\Program Files (x86)\Java\jre1.8.0_40\lib\sunrsasign.jar;C:\Program Files (x86)\Java\jre1.8.0_40\lib\jsse.jar;C:\Program Files (x86)\Java\jre1.8.0_40\lib\jce.jar;C:\Program Files (x86)\Java\jre1.8.0_40\lib\charsets.jar;C:\Program Files (x86)\Java\jre1.8.0_40\lib\jfr.jar;C:\Program Files (x86)\Java\jre1.8.0_40\classes"/>
    <property name="java.vendor" value="Oracle Corporation"/>
    <property name="maven.home" value="C:\portatil17-E\julio\prof\Procesos\2017\ejer+prac\ws\HiNow\EMBEDDED"/>
    <property name="file.separator" value="\"/>
    <property name="java.vendor.url.bug" value="http://bugreport.sun.com/bugreport/"/>
    <property name="maven.bootclasspath" value="/C:/portatil17-E/ps/eclipse/configuration/org.eclipse.osgi/bundles/535/1/.cp/jars/plexus-classworlds-2.4.jar"/>
    <property name="sun.cpu.endian" value="little"/>
    <property name="sun.io.unicode.encoding" value="UnicodeLittle"/>
    <property name="sun.desktop" value="windows"/>
    <property name="sun.cpu.isalist" value="pentium_pro+mmx pentium_pro pentium+mmx pentium i486 i386 i86"/>
  </properties>
  <testcase classname="examples.HiNow.AppTest" name="testApp" time="0.011"/>
</testsuite>